[INFO] Scanning for projects...
[INFO] 
[INFO] ------------------< com.hospital:hospital-management >------------------
[INFO] Building hospital-management 0.0.1-SNAPSHOT
[INFO]   from pom.xml
[INFO] --------------------------------[ jar ]---------------------------------
[INFO] 
[INFO] >>> spring-boot:4.0.3:run (default-cli) > test-compile @ hospital-management >>>
[INFO] 
[INFO] --- resources:3.3.1:resources (default-resources) @ hospital-management ---
[INFO] Copying 1 resource from src\main\resources to target\classes
[INFO] Copying 0 resource from src\main\resources to target\classes
[INFO] 
[INFO] --- compiler:3.14.1:compile (default-compile) @ hospital-management ---
[INFO] Nothing to compile - all classes are up to date.
[INFO] 
[INFO] --- resources:3.3.1:testResources (default-testResources) @ hospital-management ---
[INFO] skip non existing resourceDirectory C:\Users\Admin\OneDrive\Desktop\Internship\hospital-management\src\test\resources
[INFO] 
[INFO] --- compiler:3.14.1:testCompile (default-testCompile) @ hospital-management ---
[INFO] Nothing to compile - all classes are up to date.
[INFO] 
[INFO] <<< spring-boot:4.0.3:run (default-cli) < test-compile @ hospital-management <<<
[INFO] 
[INFO] 
[INFO] --- spring-boot:4.0.3:run (default-cli) @ hospital-management ---
[INFO] Attaching agents: []

  .   ____          _            __ _ _
 /\\ / ___'_ __ _ _(_)_ __  __ _ \ \ \ \
( ( )\___ | '_ | '_| | '_ \/ _` | \ \ \ \
 \\/  ___)| |_)| | | | | || (_| |  ) ) ) )
  '  |____| .__|_| |_|_| |_\__, | / / / /
 =========|_|==============|___/=/_/_/_/

 :: Spring Boot ::                (v4.0.3)

2026-03-17T21:18:27.476+05:30  INFO 10780 --- [hospital-management] [  restartedMain] c.h.HospitalManagementApplication        : Starting HospitalManagementApplication using Java 25.0.2 with PID 10780 (C:\Users\Admin\OneDrive\Desktop\Internship\hospital-management\target\classes started by Admin in C:\Users\Admin\OneDrive\Desktop\Internship\hospital-management)
2026-03-17T21:18:27.478+05:30  INFO 10780 --- [hospital-management] [  restartedMain] c.h.HospitalManagementApplication        : No active profile set, falling back to 1 default profile: "default"
2026-03-17T21:18:27.524+05:30  INFO 10780 --- [hospital-management] [  restartedMain] .e.DevToolsPropertyDefaultsPostProcessor : Devtools property defaults active! Set 'spring.devtools.add-properties' to 'false' to disable
2026-03-17T21:18:27.525+05:30  INFO 10780 --- [hospital-management] [  restartedMain] .e.DevToolsPropertyDefaultsPostProcessor : For additional web related logging consider setting the 'logging.level.web' property to 'DEBUG'
2026-03-17T21:18:28.330+05:30  INFO 10780 --- [hospital-management] [  restartedMain] .s.d.r.c.RepositoryConfigurationDelegate : Bootstrapping Spring Data JPA repositories in DEFAULT mode.
2026-03-17T21:18:28.394+05:30  INFO 10780 --- [hospital-management] [  restartedMain] .s.d.r.c.RepositoryConfigurationDelegate : Finished Spring Data repository scanning in 53 ms. Found 3 JPA repository interfaces.
2026-03-17T21:18:29.089+05:30  INFO 10780 --- [hospital-management] [  restartedMain] o.s.boot.tomcat.TomcatWebServer          : Tomcat initialized with port 8081 (http)
2026-03-17T21:18:29.110+05:30  INFO 10780 --- [hospital-management] [  restartedMain] o.apache.catalina.core.StandardService   : Starting service [Tomcat]
2026-03-17T21:18:29.111+05:30  INFO 10780 --- [hospital-management] [  restartedMain] o.apache.catalina.core.StandardEngine    : Starting Servlet engine: [Apache Tomcat/11.0.18]
2026-03-17T21:18:29.179+05:30  INFO 10780 --- [hospital-management] [  restartedMain] b.w.c.s.WebApplicationContextInitializer : Root WebApplicationContext: initialization completed in 1652 ms
2026-03-17T21:18:29.398+05:30  INFO 10780 --- [hospital-management] [  restartedMain] org.hibernate.orm.jpa                    : HHH008540: Processing PersistenceUnitInfo [name: default]
2026-03-17T21:18:29.468+05:30  INFO 10780 --- [hospital-management] [  restartedMain] org.hibernate.orm.core                   : HHH000001: Hibernate ORM core version 7.2.4.Final
2026-03-17T21:18:30.075+05:30  INFO 10780 --- [hospital-management] [  restartedMain] o.s.o.j.p.SpringPersistenceUnitInfo      : No LoadTimeWeaver setup: ignoring JPA class transformer
2026-03-17T21:18:30.117+05:30  INFO 10780 --- [hospital-management] [  restartedMain] com.zaxxer.hikari.HikariDataSource       : HikariPool-1 - Starting...
2026-03-17T21:18:30.533+05:30  INFO 10780 --- [hospital-management] [  restartedMain] com.zaxxer.hikari.pool.HikariPool        : HikariPool-1 - Added connection com.mysql.cj.jdbc.ConnectionImpl@48db323
2026-03-17T21:18:30.536+05:30  INFO 10780 --- [hospital-management] [  restartedMain] com.zaxxer.hikari.HikariDataSource       : HikariPool-1 - Start completed.
2026-03-17T21:18:30.609+05:30  WARN 10780 --- [hospital-management] [  restartedMain] org.hibernate.orm.deprecation            : HHH90000025: MySQLDialect does not need to be specified explicitly using 'hibernate.dialect' (remove the property setting and it will be selected by default)
2026-03-17T21:18:30.626+05:30  INFO 10780 --- [hospital-management] [  restartedMain] org.hibernate.orm.connections.pooling    : HHH10001005: Database info:
	Database JDBC URL [jdbc:mysql://localhost:3306/hospital_db]
	Database driver: MySQL Connector/J
	Database dialect: MySQLDialect
	Database version: 8.0.45
	Default catalog/schema: hospital_db/undefined
	Autocommit mode: undefined/unknown
	Isolation level: REPEATABLE_READ [default REPEATABLE_READ]
	JDBC fetch size: none
	Pool: DataSourceConnectionProvider
	Minimum pool size: undefined/unknown
	Maximum pool size: undefined/unknown
2026-03-17T21:18:31.688+05:30  INFO 10780 --- [hospital-management] [  restartedMain] org.hibernate.orm.core                   : HHH000489: No JTA platform available (set 'hibernate.transaction.jta.platform' to enable JTA platform integration)
2026-03-17T21:18:31.764+05:30  INFO 10780 --- [hospital-management] [  restartedMain] j.LocalContainerEntityManagerFactoryBean : Initialized JPA EntityManagerFactory for persistence unit 'default'
2026-03-17T21:18:31.842+05:30  INFO 10780 --- [hospital-management] [  restartedMain] o.s.d.j.r.query.QueryEnhancerFactories   : Hibernate is in classpath; If applicable, HQL parser will be used.
2026-03-17T21:18:32.058+05:30  WARN 10780 --- [hospital-management] [  restartedMain] JpaBaseConfiguration$JpaWebConfiguration : spring.jpa.open-in-view is enabled by default. Therefore, database queries may be performed during view rendering. Explicitly configure spring.jpa.open-in-view to disable this warning
2026-03-17T21:18:32.136+05:30  WARN 10780 --- [hospital-management] [  restartedMain] .s.a.UserDetailsServiceAutoConfiguration : 

Using generated security password: 4859a3ab-01b1-4156-810b-9046cb335753

This generated password is for development use only. Your security configuration must be updated before running your application in production.

2026-03-17T21:18:32.145+05:30  INFO 10780 --- [hospital-management] [  restartedMain] r$InitializeUserDetailsManagerConfigurer : Global AuthenticationManager configured with UserDetailsService bean with name inMemoryUserDetailsManager
2026-03-17T21:18:32.591+05:30  INFO 10780 --- [hospital-management] [  restartedMain] o.s.boot.tomcat.TomcatWebServer          : Tomcat started on port 8081 (http) with context path '/'
2026-03-17T21:18:32.597+05:30  INFO 10780 --- [hospital-management] [  restartedMain] c.h.HospitalManagementApplication        : Started HospitalManagementApplication in 5.486 seconds (process running for 5.91)
2026-03-17T21:19:55.218+05:30  INFO 10780 --- [hospital-management] [nio-8081-exec-1] o.a.c.c.C.[Tomcat].[localhost].[/]       : Initializing Spring DispatcherServlet 'dispatcherServlet'
2026-03-17T21:19:55.218+05:30  INFO 10780 --- [hospital-management] [nio-8081-exec-1] o.s.web.servlet.DispatcherServlet        : Initializing Servlet 'dispatcherServlet'
2026-03-17T21:19:55.220+05:30  INFO 10780 --- [hospital-management] [nio-8081-exec-1] o.s.web.servlet.DispatcherServlet        : Completed initialization in 2 ms
Hibernate: select a1_0.id,a1_0.appointment_time,a1_0.doctor_id,a1_0.patient_id,a1_0.status from appointment a1_0 where a1_0.id=?
Hibernate: delete from appointment where id=?
2026-03-17T22:26:26.589+05:30  WARN 10780 --- [hospital-management] [l-1:housekeeper] com.zaxxer.hikari.pool.HikariPool        : HikariPool-1 - Thread starvation or clock leap detected (housekeeper delta=56m55s887ms750µs400ns).
2026-03-18T04:40:55.305+05:30  WARN 10780 --- [hospital-management] [l-1:housekeeper] com.zaxxer.hikari.pool.HikariPool        : HikariPool-1 - Thread starvation or clock leap detected (housekeeper delta=5h51m28s365ms81µs400ns).
2026-03-18T09:45:56.446+05:30  WARN 10780 --- [hospital-management] [l-1:housekeeper] com.zaxxer.hikari.pool.HikariPool        : HikariPool-1 - Thread starvation or clock leap detected (housekeeper delta=5h5m3s746ms438µs400ns).
2026-03-18T10:09:02.747+05:30  INFO 10780 --- [hospital-management] [   File Watcher] rtingClassPathChangeChangedEventListener : Restarting due to 1 class path change (0 additions, 0 deletions, 1 modification)
2026-03-18T10:09:02.921+05:30  INFO 10780 --- [hospital-management] [       Thread-1] o.s.boot.tomcat.GracefulShutdown         : Commencing graceful shutdown. Waiting for active requests to complete
2026-03-18T10:09:02.994+05:30  INFO 10780 --- [hospital-management] [tomcat-shutdown] o.s.boot.tomcat.GracefulShutdown         : Graceful shutdown complete
2026-03-18T10:09:03.086+05:30  INFO 10780 --- [hospital-management] [       Thread-1] j.LocalContainerEntityManagerFactoryBean : Closing JPA EntityManagerFactory for persistence unit 'default'
2026-03-18T10:09:03.233+05:30  INFO 10780 --- [hospital-management] [       Thread-1] com.zaxxer.hikari.HikariDataSource       : HikariPool-1 - Shutdown initiated...
2026-03-18T10:09:03.260+05:30  INFO 10780 --- [hospital-management] [       Thread-1] com.zaxxer.hikari.HikariDataSource       : HikariPool-1 - Shutdown completed.

  .   ____          _            __ _ _
 /\\ / ___'_ __ _ _(_)_ __  __ _ \ \ \ \
( ( )\___ | '_ | '_| | '_ \/ _` | \ \ \ \
 \\/  ___)| |_)| | | | | || (_| |  ) ) ) )
  '  |____| .__|_| |_|_| |_\__, | / / / /
 =========|_|==============|___/=/_/_/_/

 :: Spring Boot ::                (v4.0.3)

2026-03-18T10:09:03.814+05:30  INFO 10780 --- [hospital-management] [  restartedMain] c.h.HospitalManagementApplication        : Starting HospitalManagementApplication using Java 25.0.2 with PID 10780 (C:\Users\Admin\OneDrive\Desktop\Internship\hospital-management\target\classes started by Admin in C:\Users\Admin\OneDrive\Desktop\Internship\hospital-management)
2026-03-18T10:09:03.815+05:30  INFO 10780 --- [hospital-management] [  restartedMain] c.h.HospitalManagementApplication        : No active profile set, falling back to 1 default profile: "default"
2026-03-18T10:09:04.460+05:30  INFO 10780 --- [hospital-management] [  restartedMain] .s.d.r.c.RepositoryConfigurationDelegate : Bootstrapping Spring Data JPA repositories in DEFAULT mode.
2026-03-18T10:09:04.514+05:30  INFO 10780 --- [hospital-management] [  restartedMain] .s.d.r.c.RepositoryConfigurationDelegate : Finished Spring Data repository scanning in 50 ms. Found 3 JPA repository interfaces.
2026-03-18T10:09:04.917+05:30  INFO 10780 --- [hospital-management] [  restartedMain] o.s.boot.tomcat.TomcatWebServer          : Tomcat initialized with port 8081 (http)
2026-03-18T10:09:04.923+05:30  INFO 10780 --- [hospital-management] [  restartedMain] o.apache.catalina.core.StandardService   : Starting service [Tomcat]
2026-03-18T10:09:04.926+05:30  INFO 10780 --- [hospital-management] [  restartedMain] o.apache.catalina.core.StandardEngine    : Starting Servlet engine: [Apache Tomcat/11.0.18]
2026-03-18T10:09:04.997+05:30  INFO 10780 --- [hospital-management] [  restartedMain] b.w.c.s.WebApplicationContextInitializer : Root WebApplicationContext: initialization completed in 1169 ms
2026-03-18T10:09:05.128+05:30  INFO 10780 --- [hospital-management] [  restartedMain] org.hibernate.orm.jpa                    : HHH008540: Processing PersistenceUnitInfo [name: default]
2026-03-18T10:09:05.217+05:30  INFO 10780 --- [hospital-management] [  restartedMain] o.s.o.j.p.SpringPersistenceUnitInfo      : No LoadTimeWeaver setup: ignoring JPA class transformer
2026-03-18T10:09:05.221+05:30  INFO 10780 --- [hospital-management] [  restartedMain] com.zaxxer.hikari.HikariDataSource       : HikariPool-2 - Starting...
2026-03-18T10:09:05.248+05:30  INFO 10780 --- [hospital-management] [  restartedMain] com.zaxxer.hikari.pool.HikariPool        : HikariPool-2 - Added connection com.mysql.cj.jdbc.ConnectionImpl@5b6eef47
2026-03-18T10:09:05.249+05:30  INFO 10780 --- [hospital-management] [  restartedMain] com.zaxxer.hikari.HikariDataSource       : HikariPool-2 - Start completed.
2026-03-18T10:09:05.254+05:30  WARN 10780 --- [hospital-management] [  restartedMain] org.hibernate.orm.deprecation            : HHH90000025: MySQLDialect does not need to be specified explicitly using 'hibernate.dialect' (remove the property setting and it will be selected by default)
2026-03-18T10:09:05.256+05:30  INFO 10780 --- [hospital-management] [  restartedMain] org.hibernate.orm.connections.pooling    : HHH10001005: Database info:
	Database JDBC URL [jdbc:mysql://localhost:3306/hospital_db]
	Database driver: MySQL Connector/J
	Database dialect: MySQLDialect
	Database version: 8.0.45
	Default catalog/schema: hospital_db/undefined
	Autocommit mode: undefined/unknown
	Isolation level: REPEATABLE_READ [default REPEATABLE_READ]
	JDBC fetch size: none
	Pool: DataSourceConnectionProvider
	Minimum pool size: undefined/unknown
	Maximum pool size: undefined/unknown
2026-03-18T10:09:05.370+05:30  INFO 10780 --- [hospital-management] [  restartedMain] org.hibernate.orm.core                   : HHH000489: No JTA platform available (set 'hibernate.transaction.jta.platform' to enable JTA platform integration)
2026-03-18T10:09:05.385+05:30  INFO 10780 --- [hospital-management] [  restartedMain] j.LocalContainerEntityManagerFactoryBean : Initialized JPA EntityManagerFactory for persistence unit 'default'
2026-03-18T10:09:05.481+05:30  WARN 10780 --- [hospital-management] [  restartedMain] JpaBaseConfiguration$JpaWebConfiguration : spring.jpa.open-in-view is enabled by default. Therefore, database queries may be performed during view rendering. Explicitly configure spring.jpa.open-in-view to disable this warning
2026-03-18T10:09:05.524+05:30  WARN 10780 --- [hospital-management] [  restartedMain] .s.a.UserDetailsServiceAutoConfiguration : 

Using generated security password: 50ca8610-b506-49f4-a735-d8f1674154ab

This generated password is for development use only. Your security configuration must be updated before running your application in production.

2026-03-18T10:09:05.526+05:30  INFO 10780 --- [hospital-management] [  restartedMain] r$InitializeUserDetailsManagerConfigurer : Global AuthenticationManager configured with UserDetailsService bean with name inMemoryUserDetailsManager
2026-03-18T10:09:05.726+05:30  INFO 10780 --- [hospital-management] [  restartedMain] o.s.boot.tomcat.TomcatWebServer          : Tomcat started on port 8081 (http) with context path '/'
2026-03-18T10:09:05.730+05:30  INFO 10780 --- [hospital-management] [  restartedMain] c.h.HospitalManagementApplication        : Started HospitalManagementApplication in 1.97 seconds (process running for 46241.647)
2026-03-18T10:09:05.733+05:30  INFO 10780 --- [hospital-management] [  restartedMain] .ConditionEvaluationDeltaLoggingListener : Condition evaluation unchanged
2026-03-18T10:09:56.206+05:30  INFO 10780 --- [hospital-management] [nio-8081-exec-1] o.a.c.c.C.[Tomcat].[localhost].[/]       : Initializing Spring DispatcherServlet 'dispatcherServlet'
2026-03-18T10:09:56.207+05:30  INFO 10780 --- [hospital-management] [nio-8081-exec-1] o.s.web.servlet.DispatcherServlet        : Initializing Servlet 'dispatcherServlet'
2026-03-18T10:09:56.208+05:30  INFO 10780 --- [hospital-management] [nio-8081-exec-1] o.s.web.servlet.DispatcherServlet        : Completed initialization in 1 ms
